Arguments: 
  C:\Program Files\nodejs\node.exe C:\Program Files (x86)\Yarn\bin\yarn.js

PATH: 
  C:\Program Files (x86)\Common Files\Oracle\Java\javapath;C:\Windows\system32;C:\Windows;C:\Windows\System32\Wbem;C:\Windows\System32\WindowsPowerShell\v1.0\;C:\Windows\System32\OpenSSH\;C:\Program Files\Git\cmd;C:\Program Files (x86)\Yarn\bin\;C:\Program Files (x86)\NVIDIA Corporation\PhysX\Common;C:\Program Files\NVIDIA Corporation\NVIDIA NvDLISR;C:\WINDOWS\system32;C:\WINDOWS;C:\WINDOWS\System32\Wbem;C:\WINDOWS\System32\WindowsPowerShell\v1.0\;C:\WINDOWS\System32\OpenSSH\;%NVM_HOME%;%NVM_SYMLINK%;C:\Ruby23\bin;C:\Users\Guilherme\AppData\Local\Microsoft\WindowsApps;C:\Users\Guilherme\AppData\Local\Programs\Microsoft VS Code\bin;C:\Users\Guilherme\AppData\Local\Yarn\bin;C:\Users\Guilherme\AppData\Roaming\npm;C:\Users\Guilherme\AppData\Roaming\nvm;C:\Program Files\nodejs

Yarn version: 
  1.22.5

Node version: 
  10.22.1

Platform: 
  win32 x64

Trace: 
  SyntaxError: C:\Users\Guilherme\Desktop\desafio1\package.json: Unexpected token } in JSON at position 399
      at JSON.parse (<anonymous>)
      at C:\Program Files (x86)\Yarn\lib\cli.js:1625:59
      at Generator.next (<anonymous>)
      at step (C:\Program Files (x86)\Yarn\lib\cli.js:310:30)
      at C:\Program Files (x86)\Yarn\lib\cli.js:321:13

npm manifest: 
  {
    "name": "gulp-starter",
    "version": "1.0.0",
    "description": "",
    "main": "index.js",
    "scripts": {
      "test": "echo \"Error: no test specified\" && exit 1"
    },
    "author": "",
    "license": "ISC",
    "devDependencies": {
      "browser-sync": "^2.26.14",
      "del": "^6.0.0",
      "gulp": "^4.0.2",
      "gulp-clean-css": "^4.3.0",
      "gulp-concat": "^2.6.1",
      "gulp-uglify": "^3.0.2"
    },
  }

yarn manifest: 
  No manifest

Lockfile: 
  No lockfile
